2020-03-09 22:43:39,957 [7380] [restartedMain] StartupInfoLogger.java [55] : Starting BookApplication on USER-20180917KA with PID 7380 (D:\coding\work_space\part-time\book\target\classes started by Administrator in D:\coding\work_space\part-time\book)
2020-03-09 22:43:39,960 [7380] [restartedMain] SpringApplication.java [651] : No active profile set, falling back to default profiles: default
2020-03-09 22:43:40,011 [7380] [restartedMain] DeferredLog.java [225] : Devtools property defaults active! Set 'spring.devtools.add-properties' to 'false' to disable
2020-03-09 22:43:40,011 [7380] [restartedMain] DeferredLog.java [225] : For additional web related logging consider setting the 'logging.level.web' property to 'DEBUG'
2020-03-09 22:43:41,215 [7380] [restartedMain] TomcatWebServer.java [92] : Tomcat initialized with port(s): 8099 (http)
2020-03-09 22:43:41,225 [7380] [restartedMain] DirectJDKLog.java [173] : Initializing ProtocolHandler ["http-nio-8099"]
2020-03-09 22:43:41,225 [7380] [restartedMain] DirectJDKLog.java [173] : Starting service [Tomcat]
2020-03-09 22:43:41,225 [7380] [restartedMain] DirectJDKLog.java [173] : Starting Servlet engine: [Apache Tomcat/9.0.31]
2020-03-09 22:43:41,303 [7380] [restartedMain] DirectJDKLog.java [173] : Initializing Spring embedded WebApplicationContext
2020-03-09 22:43:41,307 [7380] [restartedMain] ServletWebServerApplicationContext.java [284] : Root WebApplicationContext: initialization completed in 1295 ms
2020-03-09 22:43:41,463 [7380] [restartedMain] HikariConfig.java [481] : Failed to load driver class com.mysql.cj.jdbc.Driver from HikariConfig class classloader sun.misc.Launcher$AppClassLoader@73d16e93
2020-03-09 22:43:41,468 [7380] [restartedMain] DirectJDKLog.java [173] : Stopping service [Tomcat]
2020-03-09 22:43:41,476 [7380] [restartedMain] ConditionEvaluationReportLoggingListener.java [136] : 

Error starting ApplicationContext. To display the conditions report re-run your application with 'debug' enabled.
2020-03-09 22:43:41,479 [7380] [restartedMain] LoggingFailureAnalysisReporter.java [40] : 

***************************
APPLICATION FAILED TO START
***************************

Description:

Failed to bind properties under '' to com.zaxxer.hikari.HikariDataSource:

    Property: driverclassname
    Value: com.mysql.cj.jdbc.Driver
    Origin: "driverClassName" from property source "source"
    Reason: Failed to load driver class com.mysql.cj.jdbc.Driver in either of HikariConfig class loader or Thread context classloader

Action:

Update your application's configuration

2020-03-09 22:48:08,234 [14988] [restartedMain] StartupInfoLogger.java [55] : Starting BookApplication on USER-20180917KA with PID 14988 (D:\coding\work_space\part-time\book\target\classes started by Administrator in D:\coding\work_space\part-time\book)
2020-03-09 22:48:08,236 [14988] [restartedMain] SpringApplication.java [651] : No active profile set, falling back to default profiles: default
2020-03-09 22:48:08,314 [14988] [restartedMain] DeferredLog.java [225] : Devtools property defaults active! Set 'spring.devtools.add-properties' to 'false' to disable
2020-03-09 22:48:08,315 [14988] [restartedMain] DeferredLog.java [225] : For additional web related logging consider setting the 'logging.level.web' property to 'DEBUG'
2020-03-09 22:48:09,751 [14988] [restartedMain] TomcatWebServer.java [92] : Tomcat initialized with port(s): 8099 (http)
2020-03-09 22:48:09,761 [14988] [restartedMain] DirectJDKLog.java [173] : Initializing ProtocolHandler ["http-nio-8099"]
2020-03-09 22:48:09,761 [14988] [restartedMain] DirectJDKLog.java [173] : Starting service [Tomcat]
2020-03-09 22:48:09,761 [14988] [restartedMain] DirectJDKLog.java [173] : Starting Servlet engine: [Apache Tomcat/9.0.31]
2020-03-09 22:48:09,927 [14988] [restartedMain] DirectJDKLog.java [173] : Initializing Spring embedded WebApplicationContext
2020-03-09 22:48:09,930 [14988] [restartedMain] ServletWebServerApplicationContext.java [284] : Root WebApplicationContext: initialization completed in 1615 ms
2020-03-09 22:48:10,556 [14988] [restartedMain] DirectJDKLog.java [173] : Stopping service [Tomcat]
2020-03-09 22:48:10,570 [14988] [restartedMain] ConditionEvaluationReportLoggingListener.java [136] : 

Error starting ApplicationContext. To display the conditions report re-run your application with 'debug' enabled.
2020-03-09 22:48:10,646 [14988] [restartedMain] SpringApplication.java [826] : Application run failed
org.springframework.beans.factory.UnsatisfiedDependencyException: Error creating bean with name 'bookServiceImpl': Unsatisfied dependency expressed through field 'baseMapper'; nested exception is org.springframework.beans.factory.NoSuchBeanDefinitionException: No qualifying bean of type 'com.book.api.mapper.BookMapper' available: expected at least 1 bean which qualifies as autowire candidate. Dependency annotations: {@org.springframework.beans.factory.annotation.Autowired(required=true)}
	at org.springframework.beans.factory.annotation.AutowiredAnnotationBeanPostProcessor$AutowiredFieldElement.inject(AutowiredAnnotationBeanPostProcessor.java:643)
	at org.springframework.beans.factory.annotation.InjectionMetadata.inject(InjectionMetadata.java:130)
	at org.springframework.beans.factory.annotation.AutowiredAnnotationBeanPostProcessor.postProcessProperties(AutowiredAnnotationBeanPostProcessor.java:399)
	at org.springframework.beans.factory.support.AbstractAutowireCapableBeanFactory.populateBean(AbstractAutowireCapableBeanFactory.java:1422)
	at org.springframework.beans.factory.support.AbstractAutowireCapableBeanFactory.doCreateBean(AbstractAutowireCapableBeanFactory.java:594)
	at org.springframework.beans.factory.support.AbstractAutowireCapableBeanFactory.createBean(AbstractAutowireCapableBeanFactory.java:517)
	at org.springframework.beans.factory.support.AbstractBeanFactory.lambda$doGetBean$0(AbstractBeanFactory.java:323)
	at org.springframework.beans.factory.support.DefaultSingletonBeanRegistry.getSingleton(DefaultSingletonBeanRegistry.java:222)
	at org.springframework.beans.factory.support.AbstractBeanFactory.doGetBean(AbstractBeanFactory.java:321)
	at org.springframework.beans.factory.support.AbstractBeanFactory.getBean(AbstractBeanFactory.java:202)
	at org.springframework.beans.factory.support.DefaultListableBeanFactory.preInstantiateSingletons(DefaultListableBeanFactory.java:879)
	at org.springframework.context.support.AbstractApplicationContext.finishBeanFactoryInitialization(AbstractApplicationContext.java:878)
	at org.springframework.context.support.AbstractApplicationContext.refresh(AbstractApplicationContext.java:550)
	at org.springframework.boot.web.servlet.context.ServletWebServerApplicationContext.refresh(ServletWebServerApplicationContext.java:141)
	at org.springframework.boot.SpringApplication.refresh(SpringApplication.java:747)
	at org.springframework.boot.SpringApplication.refreshContext(SpringApplication.java:397)
	at org.springframework.boot.SpringApplication.run(SpringApplication.java:315)
	at org.springframework.boot.SpringApplication.run(SpringApplication.java:1226)
	at org.springframework.boot.SpringApplication.run(SpringApplication.java:1215)
	at com.book.BookApplication.main(BookApplication.java:10)
	at sun.reflect.NativeMethodAccessorImpl.invoke0(Native Method)
	at sun.reflect.NativeMethodAccessorImpl.invoke(Unknown Source)
	at sun.reflect.DelegatingMethodAccessorImpl.invoke(Unknown Source)
	at java.lang.reflect.Method.invoke(Unknown Source)
	at org.springframework.boot.devtools.restart.RestartLauncher.run(RestartLauncher.java:49)
Caused by: org.springframework.beans.factory.NoSuchBeanDefinitionException: No qualifying bean of type 'com.book.api.mapper.BookMapper' available: expected at least 1 bean which qualifies as autowire candidate. Dependency annotations: {@org.springframework.beans.factory.annotation.Autowired(required=true)}
	at org.springframework.beans.factory.support.DefaultListableBeanFactory.raiseNoMatchingBeanFound(DefaultListableBeanFactory.java:1695)
	at org.springframework.beans.factory.support.DefaultListableBeanFactory.doResolveDependency(DefaultListableBeanFactory.java:1253)
	at org.springframework.beans.factory.support.DefaultListableBeanFactory.resolveDependency(DefaultListableBeanFactory.java:1207)
	at org.springframework.beans.factory.annotation.AutowiredAnnotationBeanPostProcessor$AutowiredFieldElement.inject(AutowiredAnnotationBeanPostProcessor.java:640)
	... 24 common frames omitted
2020-03-09 22:49:05,208 [17876] [restartedMain] StartupInfoLogger.java [55] : Starting BookApplication on USER-20180917KA with PID 17876 (D:\coding\work_space\part-time\book\target\classes started by Administrator in D:\coding\work_space\part-time\book)
2020-03-09 22:49:05,213 [17876] [restartedMain] SpringApplication.java [651] : No active profile set, falling back to default profiles: default
2020-03-09 22:49:05,270 [17876] [restartedMain] DeferredLog.java [225] : Devtools property defaults active! Set 'spring.devtools.add-properties' to 'false' to disable
2020-03-09 22:49:05,270 [17876] [restartedMain] DeferredLog.java [225] : For additional web related logging consider setting the 'logging.level.web' property to 'DEBUG'
2020-03-09 22:49:06,519 [17876] [restartedMain] TomcatWebServer.java [92] : Tomcat initialized with port(s): 8099 (http)
2020-03-09 22:49:06,532 [17876] [restartedMain] DirectJDKLog.java [173] : Initializing ProtocolHandler ["http-nio-8099"]
2020-03-09 22:49:06,533 [17876] [restartedMain] DirectJDKLog.java [173] : Starting service [Tomcat]
2020-03-09 22:49:06,533 [17876] [restartedMain] DirectJDKLog.java [173] : Starting Servlet engine: [Apache Tomcat/9.0.31]
2020-03-09 22:49:06,607 [17876] [restartedMain] DirectJDKLog.java [173] : Initializing Spring embedded WebApplicationContext
2020-03-09 22:49:06,608 [17876] [restartedMain] ServletWebServerApplicationContext.java [284] : Root WebApplicationContext: initialization completed in 1337 ms
2020-03-09 22:49:06,687 [17876] [restartedMain] DirectJDKLog.java [173] : Stopping service [Tomcat]
2020-03-09 22:49:06,712 [17876] [restartedMain] ConditionEvaluationReportLoggingListener.java [136] : 

Error starting ApplicationContext. To display the conditions report re-run your application with 'debug' enabled.
2020-03-09 22:49:06,762 [17876] [restartedMain] SpringApplication.java [826] : Application run failed
org.springframework.beans.factory.UnsatisfiedDependencyException: Error creating bean with name 'api/user': Unsatisfied dependency expressed through field 'userSerivce'; nested exception is org.springframework.beans.factory.UnsatisfiedDependencyException: Error creating bean with name 'userServiceImpl': Unsatisfied dependency expressed through field 'baseMapper'; nested exception is org.springframework.beans.factory.NoSuchBeanDefinitionException: No qualifying bean of type 'com.book.api.mapper.UserMapper' available: expected at least 1 bean which qualifies as autowire candidate. Dependency annotations: {@org.springframework.beans.factory.annotation.Autowired(required=true)}
	at org.springframework.beans.factory.annotation.AutowiredAnnotationBeanPostProcessor$AutowiredFieldElement.inject(AutowiredAnnotationBeanPostProcessor.java:643)
	at org.springframework.beans.factory.annotation.InjectionMetadata.inject(InjectionMetadata.java:130)
	at org.springframework.beans.factory.annotation.AutowiredAnnotationBeanPostProcessor.postProcessProperties(AutowiredAnnotationBeanPostProcessor.java:399)
	at org.springframework.beans.factory.support.AbstractAutowireCapableBeanFactory.populateBean(AbstractAutowireCapableBeanFactory.java:1422)
	at org.springframework.beans.factory.support.AbstractAutowireCapableBeanFactory.doCreateBean(AbstractAutowireCapableBeanFactory.java:594)
	at org.springframework.beans.factory.support.AbstractAutowireCapableBeanFactory.createBean(AbstractAutowireCapableBeanFactory.java:517)
	at org.springframework.beans.factory.support.AbstractBeanFactory.lambda$doGetBean$0(AbstractBeanFactory.java:323)
	at org.springframework.beans.factory.support.DefaultSingletonBeanRegistry.getSingleton(DefaultSingletonBeanRegistry.java:222)
	at org.springframework.beans.factory.support.AbstractBeanFactory.doGetBean(AbstractBeanFactory.java:321)
	at org.springframework.beans.factory.support.AbstractBeanFactory.getBean(AbstractBeanFactory.java:202)
	at org.springframework.beans.factory.support.DefaultListableBeanFactory.preInstantiateSingletons(DefaultListableBeanFactory.java:879)
	at org.springframework.context.support.AbstractApplicationContext.finishBeanFactoryInitialization(AbstractApplicationContext.java:878)
	at org.springframework.context.support.AbstractApplicationContext.refresh(AbstractApplicationContext.java:550)
	at org.springframework.boot.web.servlet.context.ServletWebServerApplicationContext.refresh(ServletWebServerApplicationContext.java:141)
	at org.springframework.boot.SpringApplication.refresh(SpringApplication.java:747)
	at org.springframework.boot.SpringApplication.refreshContext(SpringApplication.java:397)
	at org.springframework.boot.SpringApplication.run(SpringApplication.java:315)
	at org.springframework.boot.SpringApplication.run(SpringApplication.java:1226)
	at org.springframework.boot.SpringApplication.run(SpringApplication.java:1215)
	at com.book.BookApplication.main(BookApplication.java:12)
	at sun.reflect.NativeMethodAccessorImpl.invoke0(Native Method)
	at sun.reflect.NativeMethodAccessorImpl.invoke(Unknown Source)
	at sun.reflect.DelegatingMethodAccessorImpl.invoke(Unknown Source)
	at java.lang.reflect.Method.invoke(Unknown Source)
	at org.springframework.boot.devtools.restart.RestartLauncher.run(RestartLauncher.java:49)
Caused by: org.springframework.beans.factory.UnsatisfiedDependencyException: Error creating bean with name 'userServiceImpl': Unsatisfied dependency expressed through field 'baseMapper'; nested exception is org.springframework.beans.factory.NoSuchBeanDefinitionException: No qualifying bean of type 'com.book.api.mapper.UserMapper' available: expected at least 1 bean which qualifies as autowire candidate. Dependency annotations: {@org.springframework.beans.factory.annotation.Autowired(required=true)}
	at org.springframework.beans.factory.annotation.AutowiredAnnotationBeanPostProcessor$AutowiredFieldElement.inject(AutowiredAnnotationBeanPostProcessor.java:643)
	at org.springframework.beans.factory.annotation.InjectionMetadata.inject(InjectionMetadata.java:130)
	at org.springframework.beans.factory.annotation.AutowiredAnnotationBeanPostProcessor.postProcessProperties(AutowiredAnnotationBeanPostProcessor.java:399)
	at org.springframework.beans.factory.support.AbstractAutowireCapableBeanFactory.populateBean(AbstractAutowireCapableBeanFactory.java:1422)
	at org.springframework.beans.factory.support.AbstractAutowireCapableBeanFactory.doCreateBean(AbstractAutowireCapableBeanFactory.java:594)
	at org.springframework.beans.factory.support.AbstractAutowireCapableBeanFactory.createBean(AbstractAutowireCapableBeanFactory.java:517)
	at org.springframework.beans.factory.support.AbstractBeanFactory.lambda$doGetBean$0(AbstractBeanFactory.java:323)
	at org.springframework.beans.factory.support.DefaultSingletonBeanRegistry.getSingleton(DefaultSingletonBeanRegistry.java:222)
	at org.springframework.beans.factory.support.AbstractBeanFactory.doGetBean(AbstractBeanFactory.java:321)
	at org.springframework.beans.factory.support.AbstractBeanFactory.getBean(AbstractBeanFactory.java:202)
	at org.springframework.beans.factory.config.DependencyDescriptor.resolveCandidate(DependencyDescriptor.java:276)
	at org.springframework.beans.factory.support.DefaultListableBeanFactory.doResolveDependency(DefaultListableBeanFactory.java:1287)
	at org.springframework.beans.factory.support.DefaultListableBeanFactory.resolveDependency(DefaultListableBeanFactory.java:1207)
	at org.springframework.beans.factory.annotation.AutowiredAnnotationBeanPostProcessor$AutowiredFieldElement.inject(AutowiredAnnotationBeanPostProcessor.java:640)
	... 24 common frames omitted
Caused by: org.springframework.beans.factory.NoSuchBeanDefinitionException: No qualifying bean of type 'com.book.api.mapper.UserMapper' available: expected at least 1 bean which qualifies as autowire candidate. Dependency annotations: {@org.springframework.beans.factory.annotation.Autowired(required=true)}
	at org.springframework.beans.factory.support.DefaultListableBeanFactory.raiseNoMatchingBeanFound(DefaultListableBeanFactory.java:1695)
	at org.springframework.beans.factory.support.DefaultListableBeanFactory.doResolveDependency(DefaultListableBeanFactory.java:1253)
	at org.springframework.beans.factory.support.DefaultListableBeanFactory.resolveDependency(DefaultListableBeanFactory.java:1207)
	at org.springframework.beans.factory.annotation.AutowiredAnnotationBeanPostProcessor$AutowiredFieldElement.inject(AutowiredAnnotationBeanPostProcessor.java:640)
	... 37 common frames omitted
2020-03-09 22:51:40,149 [18544] [restartedMain] StartupInfoLogger.java [55] : Starting BookApplication on USER-20180917KA with PID 18544 (D:\coding\work_space\part-time\book\target\classes started by Administrator in D:\coding\work_space\part-time\book)
2020-03-09 22:51:40,152 [18544] [restartedMain] SpringApplication.java [651] : No active profile set, falling back to default profiles: default
2020-03-09 22:51:40,213 [18544] [restartedMain] DeferredLog.java [225] : Devtools property defaults active! Set 'spring.devtools.add-properties' to 'false' to disable
2020-03-09 22:51:40,213 [18544] [restartedMain] DeferredLog.java [225] : For additional web related logging consider setting the 'logging.level.web' property to 'DEBUG'
2020-03-09 22:51:41,342 [18544] [restartedMain] TomcatWebServer.java [92] : Tomcat initialized with port(s): 8099 (http)
2020-03-09 22:51:41,352 [18544] [restartedMain] DirectJDKLog.java [173] : Initializing ProtocolHandler ["http-nio-8099"]
2020-03-09 22:51:41,352 [18544] [restartedMain] DirectJDKLog.java [173] : Starting service [Tomcat]
2020-03-09 22:51:41,352 [18544] [restartedMain] DirectJDKLog.java [173] : Starting Servlet engine: [Apache Tomcat/9.0.31]
2020-03-09 22:51:41,420 [18544] [restartedMain] DirectJDKLog.java [173] : Initializing Spring embedded WebApplicationContext
2020-03-09 22:51:41,420 [18544] [restartedMain] ServletWebServerApplicationContext.java [284] : Root WebApplicationContext: initialization completed in 1207 ms
2020-03-09 22:51:42,119 [18544] [restartedMain] ExecutorConfigurationSupport.java [181] : Initializing ExecutorService 'applicationTaskExecutor'
2020-03-09 22:51:42,271 [18544] [restartedMain] OptionalLiveReloadServer.java [58] : LiveReload server is running on port 35729
2020-03-09 22:51:42,288 [18544] [restartedMain] DirectJDKLog.java [173] : Starting ProtocolHandler ["http-nio-8099"]
2020-03-09 22:51:42,309 [18544] [restartedMain] TomcatWebServer.java [204] : Tomcat started on port(s): 8099 (http) with context path ''
2020-03-09 22:51:42,312 [18544] [restartedMain] StartupInfoLogger.java [61] : Started BookApplication in 2.535 seconds (JVM running for 2.863)
2020-03-09 22:52:23,986 [19312] [restartedMain] StartupInfoLogger.java [55] : Starting BookApplication on USER-20180917KA with PID 19312 (D:\coding\work_space\part-time\book\target\classes started by Administrator in D:\coding\work_space\part-time\book)
2020-03-09 22:52:23,989 [19312] [restartedMain] SpringApplication.java [651] : No active profile set, falling back to default profiles: default
2020-03-09 22:52:24,031 [19312] [restartedMain] DeferredLog.java [225] : Devtools property defaults active! Set 'spring.devtools.add-properties' to 'false' to disable
2020-03-09 22:52:24,032 [19312] [restartedMain] DeferredLog.java [225] : For additional web related logging consider setting the 'logging.level.web' property to 'DEBUG'
2020-03-09 22:52:25,293 [19312] [restartedMain] TomcatWebServer.java [92] : Tomcat initialized with port(s): 8099 (http)
2020-03-09 22:52:25,301 [19312] [restartedMain] DirectJDKLog.java [173] : Initializing ProtocolHandler ["http-nio-8099"]
2020-03-09 22:52:25,302 [19312] [restartedMain] DirectJDKLog.java [173] : Starting service [Tomcat]
2020-03-09 22:52:25,302 [19312] [restartedMain] DirectJDKLog.java [173] : Starting Servlet engine: [Apache Tomcat/9.0.31]
2020-03-09 22:52:25,381 [19312] [restartedMain] DirectJDKLog.java [173] : Initializing Spring embedded WebApplicationContext
2020-03-09 22:52:25,381 [19312] [restartedMain] ServletWebServerApplicationContext.java [284] : Root WebApplicationContext: initialization completed in 1349 ms
2020-03-09 22:52:26,049 [19312] [restartedMain] ExecutorConfigurationSupport.java [181] : Initializing ExecutorService 'applicationTaskExecutor'
2020-03-09 22:52:26,198 [19312] [restartedMain] OptionalLiveReloadServer.java [58] : LiveReload server is running on port 35729
2020-03-09 22:52:26,215 [19312] [restartedMain] DirectJDKLog.java [173] : Starting ProtocolHandler ["http-nio-8099"]
2020-03-09 22:52:26,238 [19312] [restartedMain] TomcatWebServer.java [204] : Tomcat started on port(s): 8099 (http) with context path ''
2020-03-09 22:52:26,240 [19312] [restartedMain] StartupInfoLogger.java [61] : Started BookApplication in 2.618 seconds (JVM running for 2.957)
2020-03-09 22:53:47,788 [5876] [restartedMain] StartupInfoLogger.java [55] : Starting BookApplication on USER-20180917KA with PID 5876 (D:\coding\work_space\part-time\book\target\classes started by Administrator in D:\coding\work_space\part-time\book)
2020-03-09 22:53:47,790 [5876] [restartedMain] SpringApplication.java [651] : No active profile set, falling back to default profiles: default
2020-03-09 22:53:47,833 [5876] [restartedMain] DeferredLog.java [225] : Devtools property defaults active! Set 'spring.devtools.add-properties' to 'false' to disable
2020-03-09 22:53:47,833 [5876] [restartedMain] DeferredLog.java [225] : For additional web related logging consider setting the 'logging.level.web' property to 'DEBUG'
2020-03-09 22:53:48,920 [5876] [restartedMain] TomcatWebServer.java [92] : Tomcat initialized with port(s): 8099 (http)
2020-03-09 22:53:48,928 [5876] [restartedMain] DirectJDKLog.java [173] : Initializing ProtocolHandler ["http-nio-8099"]
2020-03-09 22:53:48,929 [5876] [restartedMain] DirectJDKLog.java [173] : Starting service [Tomcat]
2020-03-09 22:53:48,929 [5876] [restartedMain] DirectJDKLog.java [173] : Starting Servlet engine: [Apache Tomcat/9.0.31]
2020-03-09 22:53:48,991 [5876] [restartedMain] DirectJDKLog.java [173] : Initializing Spring embedded WebApplicationContext
2020-03-09 22:53:48,991 [5876] [restartedMain] ServletWebServerApplicationContext.java [284] : Root WebApplicationContext: initialization completed in 1158 ms
2020-03-09 22:53:49,653 [5876] [restartedMain] ExecutorConfigurationSupport.java [181] : Initializing ExecutorService 'applicationTaskExecutor'
2020-03-09 22:53:49,830 [5876] [restartedMain] OptionalLiveReloadServer.java [58] : LiveReload server is running on port 35729
2020-03-09 22:53:49,846 [5876] [restartedMain] DirectJDKLog.java [173] : Starting ProtocolHandler ["http-nio-8099"]
2020-03-09 22:53:49,872 [5876] [restartedMain] TomcatWebServer.java [204] : Tomcat started on port(s): 8099 (http) with context path ''
2020-03-09 22:53:49,875 [5876] [restartedMain] StartupInfoLogger.java [61] : Started BookApplication in 2.452 seconds (JVM running for 2.779)
2020-03-09 22:56:15,089 [18548] [restartedMain] StartupInfoLogger.java [55] : Starting BookApplication on USER-20180917KA with PID 18548 (D:\coding\work_space\part-time\book\target\classes started by Administrator in D:\coding\work_space\part-time\book)
2020-03-09 22:56:15,096 [18548] [restartedMain] SpringApplication.java [651] : No active profile set, falling back to default profiles: default
2020-03-09 22:56:15,219 [18548] [restartedMain] DeferredLog.java [225] : Devtools property defaults active! Set 'spring.devtools.add-properties' to 'false' to disable
2020-03-09 22:56:15,220 [18548] [restartedMain] DeferredLog.java [225] : For additional web related logging consider setting the 'logging.level.web' property to 'DEBUG'
2020-03-09 22:56:17,180 [18548] [restartedMain] TomcatWebServer.java [92] : Tomcat initialized with port(s): 8099 (http)
2020-03-09 22:56:17,196 [18548] [restartedMain] DirectJDKLog.java [173] : Initializing ProtocolHandler ["http-nio-8099"]
2020-03-09 22:56:17,196 [18548] [restartedMain] DirectJDKLog.java [173] : Starting service [Tomcat]
2020-03-09 22:56:17,197 [18548] [restartedMain] DirectJDKLog.java [173] : Starting Servlet engine: [Apache Tomcat/9.0.31]
2020-03-09 22:56:17,376 [18548] [restartedMain] DirectJDKLog.java [173] : Initializing Spring embedded WebApplicationContext
2020-03-09 22:56:17,377 [18548] [restartedMain] ServletWebServerApplicationContext.java [284] : Root WebApplicationContext: initialization completed in 2157 ms
2020-03-09 22:56:18,229 [18548] [restartedMain] ExecutorConfigurationSupport.java [181] : Initializing ExecutorService 'applicationTaskExecutor'
2020-03-09 22:56:18,414 [18548] [restartedMain] OptionalLiveReloadServer.java [58] : LiveReload server is running on port 35729
2020-03-09 22:56:18,437 [18548] [restartedMain] DirectJDKLog.java [173] : Starting ProtocolHandler ["http-nio-8099"]
2020-03-09 22:56:18,467 [18548] [restartedMain] TomcatWebServer.java [204] : Tomcat started on port(s): 8099 (http) with context path ''
2020-03-09 22:56:18,472 [18548] [restartedMain] StartupInfoLogger.java [61] : Started BookApplication in 4.266 seconds (JVM running for 5.072)
2020-03-09 22:59:01,940 [18548] [http-nio-8099-exec-1] DirectJDKLog.java [173] : Initializing Spring DispatcherServlet 'dispatcherServlet'
2020-03-09 22:59:01,940 [18548] [http-nio-8099-exec-1] FrameworkServlet.java [525] : Initializing Servlet 'dispatcherServlet'
2020-03-09 22:59:01,948 [18548] [http-nio-8099-exec-1] FrameworkServlet.java [547] : Completed initialization in 8 ms
2020-03-09 22:59:39,470 [18548] [Thread-6] ExecutorConfigurationSupport.java [218] : Shutting down ExecutorService 'applicationTaskExecutor'
2020-03-09 22:59:39,759 [18548] [restartedMain] StartupInfoLogger.java [55] : Starting BookApplication on USER-20180917KA with PID 18548 (D:\coding\work_space\part-time\book\target\classes started by Administrator in D:\coding\work_space\part-time\book)
2020-03-09 22:59:39,759 [18548] [restartedMain] SpringApplication.java [651] : No active profile set, falling back to default profiles: default
2020-03-09 22:59:40,213 [18548] [restartedMain] TomcatWebServer.java [92] : Tomcat initialized with port(s): 8099 (http)
2020-03-09 22:59:40,214 [18548] [restartedMain] DirectJDKLog.java [173] : Initializing ProtocolHandler ["http-nio-8099"]
2020-03-09 22:59:40,215 [18548] [restartedMain] DirectJDKLog.java [173] : Starting service [Tomcat]
2020-03-09 22:59:40,215 [18548] [restartedMain] DirectJDKLog.java [173] : Starting Servlet engine: [Apache Tomcat/9.0.31]
2020-03-09 22:59:40,228 [18548] [restartedMain] DirectJDKLog.java [173] : Initializing Spring embedded WebApplicationContext
2020-03-09 22:59:40,228 [18548] [restartedMain] ServletWebServerApplicationContext.java [284] : Root WebApplicationContext: initialization completed in 461 ms
2020-03-09 22:59:40,556 [18548] [restartedMain] ExecutorConfigurationSupport.java [181] : Initializing ExecutorService 'applicationTaskExecutor'
2020-03-09 22:59:40,605 [18548] [restartedMain] OptionalLiveReloadServer.java [58] : LiveReload server is running on port 35729
2020-03-09 22:59:40,617 [18548] [restartedMain] DirectJDKLog.java [173] : Starting ProtocolHandler ["http-nio-8099"]
2020-03-09 22:59:40,624 [18548] [restartedMain] TomcatWebServer.java [204] : Tomcat started on port(s): 8099 (http) with context path ''
2020-03-09 22:59:40,625 [18548] [restartedMain] StartupInfoLogger.java [61] : Started BookApplication in 0.977 seconds (JVM running for 207.225)
2020-03-09 22:59:40,626 [18548] [restartedMain] ConditionEvaluationDeltaLoggingListener.java [63] : Condition evaluation unchanged
2020-03-09 22:59:42,147 [18548] [http-nio-8099-exec-1] DirectJDKLog.java [173] : Initializing Spring DispatcherServlet 'dispatcherServlet'
2020-03-09 22:59:42,148 [18548] [http-nio-8099-exec-1] FrameworkServlet.java [525] : Initializing Servlet 'dispatcherServlet'
2020-03-09 22:59:42,154 [18548] [http-nio-8099-exec-1] FrameworkServlet.java [547] : Completed initialization in 6 ms
2020-03-09 22:59:44,304 [18548] [http-nio-8099-exec-1] BaseController.java [58] : com.book.common.LogicException: 用户名/密码不能为空!
com.book.common.LogicException: 用户名/密码不能为空!
	at com.book.api.controller.UserController.login(UserController.java:26)
	at sun.reflect.NativeMethodAccessorImpl.invoke0(Native Method)
	at sun.reflect.NativeMethodAccessorImpl.invoke(Unknown Source)
	at sun.reflect.DelegatingMethodAccessorImpl.invoke(Unknown Source)
	at java.lang.reflect.Method.invoke(Unknown Source)
	at org.springframework.web.method.support.InvocableHandlerMethod.doInvoke(InvocableHandlerMethod.java:190)
	at org.springframework.web.method.support.InvocableHandlerMethod.invokeForRequest(InvocableHandlerMethod.java:138)
	at org.springframework.web.servlet.mvc.method.annotation.ServletInvocableHandlerMethod.invokeAndHandle(ServletInvocableHandlerMethod.java:106)
	at org.springframework.web.servlet.mvc.method.annotation.RequestMappingHandlerAdapter.invokeHandlerMethod(RequestMappingHandlerAdapter.java:879)
	at org.springframework.web.servlet.mvc.method.annotation.RequestMappingHandlerAdapter.handleInternal(RequestMappingHandlerAdapter.java:793)
	at org.springframework.web.servlet.mvc.method.AbstractHandlerMethodAdapter.handle(AbstractHandlerMethodAdapter.java:87)
	at org.springframework.web.servlet.DispatcherServlet.doDispatch(DispatcherServlet.java:1040)
	at org.springframework.web.servlet.DispatcherServlet.doService(DispatcherServlet.java:943)
	at org.springframework.web.servlet.FrameworkServlet.processRequest(FrameworkServlet.java:1006)
	at org.springframework.web.servlet.FrameworkServlet.doGet(FrameworkServlet.java:898)
	at javax.servlet.http.HttpServlet.service(HttpServlet.java:634)
	at org.springframework.web.servlet.FrameworkServlet.service(FrameworkServlet.java:883)
	at javax.servlet.http.HttpServlet.service(HttpServlet.java:741)
	at org.apache.catalina.core.ApplicationFilterChain.internalDoFilter(ApplicationFilterChain.java:231)
	at org.apache.catalina.core.ApplicationFilterChain.doFilter(ApplicationFilterChain.java:166)
	at org.apache.tomcat.websocket.server.WsFilter.doFilter(WsFilter.java:53)
	at org.apache.catalina.core.ApplicationFilterChain.internalDoFilter(ApplicationFilterChain.java:193)
	at org.apache.catalina.core.ApplicationFilterChain.doFilter(ApplicationFilterChain.java:166)
	at org.springframework.web.filter.RequestContextFilter.doFilterInternal(RequestContextFilter.java:100)
	at org.springframework.web.filter.OncePerRequestFilter.doFilter(OncePerRequestFilter.java:119)
	at org.apache.catalina.core.ApplicationFilterChain.internalDoFilter(ApplicationFilterChain.java:193)
	at org.apache.catalina.core.ApplicationFilterChain.doFilter(ApplicationFilterChain.java:166)
	at org.springframework.web.filter.FormContentFilter.doFilterInternal(FormContentFilter.java:93)
	at org.springframework.web.filter.OncePerRequestFilter.doFilter(OncePerRequestFilter.java:119)
	at org.apache.catalina.core.ApplicationFilterChain.internalDoFilter(ApplicationFilterChain.java:193)
	at org.apache.catalina.core.ApplicationFilterChain.doFilter(ApplicationFilterChain.java:166)
	at org.springframework.web.filter.CharacterEncodingFilter.doFilterInternal(CharacterEncodingFilter.java:201)
	at org.springframework.web.filter.OncePerRequestFilter.doFilter(OncePerRequestFilter.java:119)
	at org.apache.catalina.core.ApplicationFilterChain.internalDoFilter(ApplicationFilterChain.java:193)
	at org.apache.catalina.core.ApplicationFilterChain.doFilter(ApplicationFilterChain.java:166)
	at org.apache.catalina.core.StandardWrapperValve.invoke(StandardWrapperValve.java:202)
	at org.apache.catalina.core.StandardContextValve.invoke(StandardContextValve.java:96)
	at org.apache.catalina.authenticator.AuthenticatorBase.invoke(AuthenticatorBase.java:541)
	at org.apache.catalina.core.StandardHostValve.invoke(StandardHostValve.java:139)
	at org.apache.catalina.valves.ErrorReportValve.invoke(ErrorReportValve.java:92)
	at org.apache.catalina.core.StandardEngineValve.invoke(StandardEngineValve.java:74)
	at org.apache.catalina.connector.CoyoteAdapter.service(CoyoteAdapter.java:343)
	at org.apache.coyote.http11.Http11Processor.service(Http11Processor.java:367)
	at org.apache.coyote.AbstractProcessorLight.process(AbstractProcessorLight.java:65)
	at org.apache.coyote.AbstractProtocol$ConnectionHandler.process(AbstractProtocol.java:868)
	at org.apache.tomcat.util.net.NioEndpoint$SocketProcessor.doRun(NioEndpoint.java:1639)
	at org.apache.tomcat.util.net.SocketProcessorBase.run(SocketProcessorBase.java:49)
	at java.util.concurrent.ThreadPoolExecutor.runWorker(Unknown Source)
	at java.util.concurrent.ThreadPoolExecutor$Worker.run(Unknown Source)
	at org.apache.tomcat.util.threads.TaskThread$WrappingRunnable.run(TaskThread.java:61)
	at java.lang.Thread.run(Unknown Source)
2020-03-09 23:00:18,869 [18548] [http-nio-8099-exec-6] BaseController.java [58] : com.book.common.LogicException: 用户名/密码不能为空!
com.book.common.LogicException: 用户名/密码不能为空!
	at com.book.api.controller.UserController.login(UserController.java:26)
	at sun.reflect.NativeMethodAccessorImpl.invoke0(Native Method)
	at sun.reflect.NativeMethodAccessorImpl.invoke(Unknown Source)
	at sun.reflect.DelegatingMethodAccessorImpl.invoke(Unknown Source)
	at java.lang.reflect.Method.invoke(Unknown Source)
	at org.springframework.web.method.support.InvocableHandlerMethod.doInvoke(InvocableHandlerMethod.java:190)
	at org.springframework.web.method.support.InvocableHandlerMethod.invokeForRequest(InvocableHandlerMethod.java:138)
	at org.springframework.web.servlet.mvc.method.annotation.ServletInvocableHandlerMethod.invokeAndHandle(ServletInvocableHandlerMethod.java:106)
	at org.springframework.web.servlet.mvc.method.annotation.RequestMappingHandlerAdapter.invokeHandlerMethod(RequestMappingHandlerAdapter.java:879)
	at org.springframework.web.servlet.mvc.method.annotation.RequestMappingHandlerAdapter.handleInternal(RequestMappingHandlerAdapter.java:793)
	at org.springframework.web.servlet.mvc.method.AbstractHandlerMethodAdapter.handle(AbstractHandlerMethodAdapter.java:87)
	at org.springframework.web.servlet.DispatcherServlet.doDispatch(DispatcherServlet.java:1040)
	at org.springframework.web.servlet.DispatcherServlet.doService(DispatcherServlet.java:943)
	at org.springframework.web.servlet.FrameworkServlet.processRequest(FrameworkServlet.java:1006)
	at org.springframework.web.servlet.FrameworkServlet.doGet(FrameworkServlet.java:898)
	at javax.servlet.http.HttpServlet.service(HttpServlet.java:634)
	at org.springframework.web.servlet.FrameworkServlet.service(FrameworkServlet.java:883)
	at javax.servlet.http.HttpServlet.service(HttpServlet.java:741)
	at org.apache.catalina.core.ApplicationFilterChain.internalDoFilter(ApplicationFilterChain.java:231)
	at org.apache.catalina.core.ApplicationFilterChain.doFilter(ApplicationFilterChain.java:166)
	at org.apache.tomcat.websocket.server.WsFilter.doFilter(WsFilter.java:53)
	at org.apache.catalina.core.ApplicationFilterChain.internalDoFilter(ApplicationFilterChain.java:193)
	at org.apache.catalina.core.ApplicationFilterChain.doFilter(ApplicationFilterChain.java:166)
	at org.springframework.web.filter.RequestContextFilter.doFilterInternal(RequestContextFilter.java:100)
	at org.springframework.web.filter.OncePerRequestFilter.doFilter(OncePerRequestFilter.java:119)
	at org.apache.catalina.core.ApplicationFilterChain.internalDoFilter(ApplicationFilterChain.java:193)
	at org.apache.catalina.core.ApplicationFilterChain.doFilter(ApplicationFilterChain.java:166)
	at org.springframework.web.filter.FormContentFilter.doFilterInternal(FormContentFilter.java:93)
	at org.springframework.web.filter.OncePerRequestFilter.doFilter(OncePerRequestFilter.java:119)
	at org.apache.catalina.core.ApplicationFilterChain.internalDoFilter(ApplicationFilterChain.java:193)
	at org.apache.catalina.core.ApplicationFilterChain.doFilter(ApplicationFilterChain.java:166)
	at org.springframework.web.filter.CharacterEncodingFilter.doFilterInternal(CharacterEncodingFilter.java:201)
	at org.springframework.web.filter.OncePerRequestFilter.doFilter(OncePerRequestFilter.java:119)
	at org.apache.catalina.core.ApplicationFilterChain.internalDoFilter(ApplicationFilterChain.java:193)
	at org.apache.catalina.core.ApplicationFilterChain.doFilter(ApplicationFilterChain.java:166)
	at org.apache.catalina.core.StandardWrapperValve.invoke(StandardWrapperValve.java:202)
	at org.apache.catalina.core.StandardContextValve.invoke(StandardContextValve.java:96)
	at org.apache.catalina.authenticator.AuthenticatorBase.invoke(AuthenticatorBase.java:541)
	at org.apache.catalina.core.StandardHostValve.invoke(StandardHostValve.java:139)
	at org.apache.catalina.valves.ErrorReportValve.invoke(ErrorReportValve.java:92)
	at org.apache.catalina.core.StandardEngineValve.invoke(StandardEngineValve.java:74)
	at org.apache.catalina.connector.CoyoteAdapter.service(CoyoteAdapter.java:343)
	at org.apache.coyote.http11.Http11Processor.service(Http11Processor.java:367)
	at org.apache.coyote.AbstractProcessorLight.process(AbstractProcessorLight.java:65)
	at org.apache.coyote.AbstractProtocol$ConnectionHandler.process(AbstractProtocol.java:868)
	at org.apache.tomcat.util.net.NioEndpoint$SocketProcessor.doRun(NioEndpoint.java:1639)
	at org.apache.tomcat.util.net.SocketProcessorBase.run(SocketProcessorBase.java:49)
	at java.util.concurrent.ThreadPoolExecutor.runWorker(Unknown Source)
	at java.util.concurrent.ThreadPoolExecutor$Worker.run(Unknown Source)
	at org.apache.tomcat.util.threads.TaskThread$WrappingRunnable.run(TaskThread.java:61)
	at java.lang.Thread.run(Unknown Source)
2020-03-09 23:00:50,725 [18548] [http-nio-8099-exec-4] BaseController.java [58] : com.book.common.LogicException: 用户名/密码不能为空!
com.book.common.LogicException: 用户名/密码不能为空!
	at com.book.api.controller.UserController.login(UserController.java:26)
	at sun.reflect.NativeMethodAccessorImpl.invoke0(Native Method)
	at sun.reflect.NativeMethodAccessorImpl.invoke(Unknown Source)
	at sun.reflect.DelegatingMethodAccessorImpl.invoke(Unknown Source)
	at java.lang.reflect.Method.invoke(Unknown Source)
	at org.springframework.web.method.support.InvocableHandlerMethod.doInvoke(InvocableHandlerMethod.java:190)
	at org.springframework.web.method.support.InvocableHandlerMethod.invokeForRequest(InvocableHandlerMethod.java:138)
	at org.springframework.web.servlet.mvc.method.annotation.ServletInvocableHandlerMethod.invokeAndHandle(ServletInvocableHandlerMethod.java:106)
	at org.springframework.web.servlet.mvc.method.annotation.RequestMappingHandlerAdapter.invokeHandlerMethod(RequestMappingHandlerAdapter.java:879)
	at org.springframework.web.servlet.mvc.method.annotation.RequestMappingHandlerAdapter.handleInternal(RequestMappingHandlerAdapter.java:793)
	at org.springframework.web.servlet.mvc.method.AbstractHandlerMethodAdapter.handle(AbstractHandlerMethodAdapter.java:87)
	at org.springframework.web.servlet.DispatcherServlet.doDispatch(DispatcherServlet.java:1040)
	at org.springframework.web.servlet.DispatcherServlet.doService(DispatcherServlet.java:943)
	at org.springframework.web.servlet.FrameworkServlet.processRequest(FrameworkServlet.java:1006)
	at org.springframework.web.servlet.FrameworkServlet.doGet(FrameworkServlet.java:898)
	at javax.servlet.http.HttpServlet.service(HttpServlet.java:634)
	at org.springframework.web.servlet.FrameworkServlet.service(FrameworkServlet.java:883)
	at javax.servlet.http.HttpServlet.service(HttpServlet.java:741)
	at org.apache.catalina.core.ApplicationFilterChain.internalDoFilter(ApplicationFilterChain.java:231)
	at org.apache.catalina.core.ApplicationFilterChain.doFilter(ApplicationFilterChain.java:166)
	at org.apache.tomcat.websocket.server.WsFilter.doFilter(WsFilter.java:53)
	at org.apache.catalina.core.ApplicationFilterChain.internalDoFilter(ApplicationFilterChain.java:193)
	at org.apache.catalina.core.ApplicationFilterChain.doFilter(ApplicationFilterChain.java:166)
	at org.springframework.web.filter.RequestContextFilter.doFilterInternal(RequestContextFilter.java:100)
	at org.springframework.web.filter.OncePerRequestFilter.doFilter(OncePerRequestFilter.java:119)
	at org.apache.catalina.core.ApplicationFilterChain.internalDoFilter(ApplicationFilterChain.java:193)
	at org.apache.catalina.core.ApplicationFilterChain.doFilter(ApplicationFilterChain.java:166)
	at org.springframework.web.filter.FormContentFilter.doFilterInternal(FormContentFilter.java:93)
	at org.springframework.web.filter.OncePerRequestFilter.doFilter(OncePerRequestFilter.java:119)
	at org.apache.catalina.core.ApplicationFilterChain.internalDoFilter(ApplicationFilterChain.java:193)
	at org.apache.catalina.core.ApplicationFilterChain.doFilter(ApplicationFilterChain.java:166)
	at org.springframework.web.filter.CharacterEncodingFilter.doFilterInternal(CharacterEncodingFilter.java:201)
	at org.springframework.web.filter.OncePerRequestFilter.doFilter(OncePerRequestFilter.java:119)
	at org.apache.catalina.core.ApplicationFilterChain.internalDoFilter(ApplicationFilterChain.java:193)
	at org.apache.catalina.core.ApplicationFilterChain.doFilter(ApplicationFilterChain.java:166)
	at org.apache.catalina.core.StandardWrapperValve.invoke(StandardWrapperValve.java:202)
	at org.apache.catalina.core.StandardContextValve.invoke(StandardContextValve.java:96)
	at org.apache.catalina.authenticator.AuthenticatorBase.invoke(AuthenticatorBase.java:541)
	at org.apache.catalina.core.StandardHostValve.invoke(StandardHostValve.java:139)
	at org.apache.catalina.valves.ErrorReportValve.invoke(ErrorReportValve.java:92)
	at org.apache.catalina.core.StandardEngineValve.invoke(StandardEngineValve.java:74)
	at org.apache.catalina.connector.CoyoteAdapter.service(CoyoteAdapter.java:343)
	at org.apache.coyote.http11.Http11Processor.service(Http11Processor.java:367)
	at org.apache.coyote.AbstractProcessorLight.process(AbstractProcessorLight.java:65)
	at org.apache.coyote.AbstractProtocol$ConnectionHandler.process(AbstractProtocol.java:868)
	at org.apache.tomcat.util.net.NioEndpoint$SocketProcessor.doRun(NioEndpoint.java:1639)
	at org.apache.tomcat.util.net.SocketProcessorBase.run(SocketProcessorBase.java:49)
	at java.util.concurrent.ThreadPoolExecutor.runWorker(Unknown Source)
	at java.util.concurrent.ThreadPoolExecutor$Worker.run(Unknown Source)
	at org.apache.tomcat.util.threads.TaskThread$WrappingRunnable.run(TaskThread.java:61)
	at java.lang.Thread.run(Unknown Source)
2020-03-09 23:01:06,275 [18548] [http-nio-8099-exec-10] BaseController.java [58] : com.book.common.LogicException: 用户名/密码不能为空!
com.book.common.LogicException: 用户名/密码不能为空!
	at com.book.api.controller.UserController.login(UserController.java:26)
	at sun.reflect.NativeMethodAccessorImpl.invoke0(Native Method)
	at sun.reflect.NativeMethodAccessorImpl.invoke(Unknown Source)
	at sun.reflect.DelegatingMethodAccessorImpl.invoke(Unknown Source)
	at java.lang.reflect.Method.invoke(Unknown Source)
	at org.springframework.web.method.support.InvocableHandlerMethod.doInvoke(InvocableHandlerMethod.java:190)
	at org.springframework.web.method.support.InvocableHandlerMethod.invokeForRequest(InvocableHandlerMethod.java:138)
	at org.springframework.web.servlet.mvc.method.annotation.ServletInvocableHandlerMethod.invokeAndHandle(ServletInvocableHandlerMethod.java:106)
	at org.springframework.web.servlet.mvc.method.annotation.RequestMappingHandlerAdapter.invokeHandlerMethod(RequestMappingHandlerAdapter.java:879)
	at org.springframework.web.servlet.mvc.method.annotation.RequestMappingHandlerAdapter.handleInternal(RequestMappingHandlerAdapter.java:793)
	at org.springframework.web.servlet.mvc.method.AbstractHandlerMethodAdapter.handle(AbstractHandlerMethodAdapter.java:87)
	at org.springframework.web.servlet.DispatcherServlet.doDispatch(DispatcherServlet.java:1040)
	at org.springframework.web.servlet.DispatcherServlet.doService(DispatcherServlet.java:943)
	at org.springframework.web.servlet.FrameworkServlet.processRequest(FrameworkServlet.java:1006)
	at org.springframework.web.servlet.FrameworkServlet.doGet(FrameworkServlet.java:898)
	at javax.servlet.http.HttpServlet.service(HttpServlet.java:634)
	at org.springframework.web.servlet.FrameworkServlet.service(FrameworkServlet.java:883)
	at javax.servlet.http.HttpServlet.service(HttpServlet.java:741)
	at org.apache.catalina.core.ApplicationFilterChain.internalDoFilter(ApplicationFilterChain.java:231)
	at org.apache.catalina.core.ApplicationFilterChain.doFilter(ApplicationFilterChain.java:166)
	at org.apache.tomcat.websocket.server.WsFilter.doFilter(WsFilter.java:53)
	at org.apache.catalina.core.ApplicationFilterChain.internalDoFilter(ApplicationFilterChain.java:193)
	at org.apache.catalina.core.ApplicationFilterChain.doFilter(ApplicationFilterChain.java:166)
	at org.springframework.web.filter.RequestContextFilter.doFilterInternal(RequestContextFilter.java:100)
	at org.springframework.web.filter.OncePerRequestFilter.doFilter(OncePerRequestFilter.java:119)
	at org.apache.catalina.core.ApplicationFilterChain.internalDoFilter(ApplicationFilterChain.java:193)
	at org.apache.catalina.core.ApplicationFilterChain.doFilter(ApplicationFilterChain.java:166)
	at org.springframework.web.filter.FormContentFilter.doFilterInternal(FormContentFilter.java:93)
	at org.springframework.web.filter.OncePerRequestFilter.doFilter(OncePerRequestFilter.java:119)
	at org.apache.catalina.core.ApplicationFilterChain.internalDoFilter(ApplicationFilterChain.java:193)
	at org.apache.catalina.core.ApplicationFilterChain.doFilter(ApplicationFilterChain.java:166)
	at org.springframework.web.filter.CharacterEncodingFilter.doFilterInternal(CharacterEncodingFilter.java:201)
	at org.springframework.web.filter.OncePerRequestFilter.doFilter(OncePerRequestFilter.java:119)
	at org.apache.catalina.core.ApplicationFilterChain.internalDoFilter(ApplicationFilterChain.java:193)
	at org.apache.catalina.core.ApplicationFilterChain.doFilter(ApplicationFilterChain.java:166)
	at org.apache.catalina.core.StandardWrapperValve.invoke(StandardWrapperValve.java:202)
	at org.apache.catalina.core.StandardContextValve.invoke(StandardContextValve.java:96)
	at org.apache.catalina.authenticator.AuthenticatorBase.invoke(AuthenticatorBase.java:541)
	at org.apache.catalina.core.StandardHostValve.invoke(StandardHostValve.java:139)
	at org.apache.catalina.valves.ErrorReportValve.invoke(ErrorReportValve.java:92)
	at org.apache.catalina.core.StandardEngineValve.invoke(StandardEngineValve.java:74)
	at org.apache.catalina.connector.CoyoteAdapter.service(CoyoteAdapter.java:343)
	at org.apache.coyote.http11.Http11Processor.service(Http11Processor.java:367)
	at org.apache.coyote.AbstractProcessorLight.process(AbstractProcessorLight.java:65)
	at org.apache.coyote.AbstractProtocol$ConnectionHandler.process(AbstractProtocol.java:868)
	at org.apache.tomcat.util.net.NioEndpoint$SocketProcessor.doRun(NioEndpoint.java:1639)
	at org.apache.tomcat.util.net.SocketProcessorBase.run(SocketProcessorBase.java:49)
	at java.util.concurrent.ThreadPoolExecutor.runWorker(Unknown Source)
	at java.util.concurrent.ThreadPoolExecutor$Worker.run(Unknown Source)
	at org.apache.tomcat.util.threads.TaskThread$WrappingRunnable.run(TaskThread.java:61)
	at java.lang.Thread.run(Unknown Source)
2020-03-09 23:02:31,920 [18548] [http-nio-8099-exec-9] BaseController.java [58] : com.book.common.LogicException: 用户名/密码不能为空!
com.book.common.LogicException: 用户名/密码不能为空!
	at com.book.api.controller.UserController.login(UserController.java:26)
	at sun.reflect.NativeMethodAccessorImpl.invoke0(Native Method)
	at sun.reflect.NativeMethodAccessorImpl.invoke(Unknown Source)
	at sun.reflect.DelegatingMethodAccessorImpl.invoke(Unknown Source)
	at java.lang.reflect.Method.invoke(Unknown Source)
	at org.springframework.web.method.support.InvocableHandlerMethod.doInvoke(InvocableHandlerMethod.java:190)
	at org.springframework.web.method.support.InvocableHandlerMethod.invokeForRequest(InvocableHandlerMethod.java:138)
	at org.springframework.web.servlet.mvc.method.annotation.ServletInvocableHandlerMethod.invokeAndHandle(ServletInvocableHandlerMethod.java:106)
	at org.springframework.web.servlet.mvc.method.annotation.RequestMappingHandlerAdapter.invokeHandlerMethod(RequestMappingHandlerAdapter.java:879)
	at org.springframework.web.servlet.mvc.method.annotation.RequestMappingHandlerAdapter.handleInternal(RequestMappingHandlerAdapter.java:793)
	at org.springframework.web.servlet.mvc.method.AbstractHandlerMethodAdapter.handle(AbstractHandlerMethodAdapter.java:87)
	at org.springframework.web.servlet.DispatcherServlet.doDispatch(DispatcherServlet.java:1040)
	at org.springframework.web.servlet.DispatcherServlet.doService(DispatcherServlet.java:943)
	at org.springframework.web.servlet.FrameworkServlet.processRequest(FrameworkServlet.java:1006)
	at org.springframework.web.servlet.FrameworkServlet.doGet(FrameworkServlet.java:898)
	at javax.servlet.http.HttpServlet.service(HttpServlet.java:634)
	at org.springframework.web.servlet.FrameworkServlet.service(FrameworkServlet.java:883)
	at javax.servlet.http.HttpServlet.service(HttpServlet.java:741)
	at org.apache.catalina.core.ApplicationFilterChain.internalDoFilter(ApplicationFilterChain.java:231)
	at org.apache.catalina.core.ApplicationFilterChain.doFilter(ApplicationFilterChain.java:166)
	at org.apache.tomcat.websocket.server.WsFilter.doFilter(WsFilter.java:53)
	at org.apache.catalina.core.ApplicationFilterChain.internalDoFilter(ApplicationFilterChain.java:193)
	at org.apache.catalina.core.ApplicationFilterChain.doFilter(ApplicationFilterChain.java:166)
	at org.springframework.web.filter.RequestContextFilter.doFilterInternal(RequestContextFilter.java:100)
	at org.springframework.web.filter.OncePerRequestFilter.doFilter(OncePerRequestFilter.java:119)
	at org.apache.catalina.core.ApplicationFilterChain.internalDoFilter(ApplicationFilterChain.java:193)
	at org.apache.catalina.core.ApplicationFilterChain.doFilter(ApplicationFilterChain.java:166)
	at org.springframework.web.filter.FormContentFilter.doFilterInternal(FormContentFilter.java:93)
	at org.springframework.web.filter.OncePerRequestFilter.doFilter(OncePerRequestFilter.java:119)
	at org.apache.catalina.core.ApplicationFilterChain.internalDoFilter(ApplicationFilterChain.java:193)
	at org.apache.catalina.core.ApplicationFilterChain.doFilter(ApplicationFilterChain.java:166)
	at org.springframework.web.filter.CharacterEncodingFilter.doFilterInternal(CharacterEncodingFilter.java:201)
	at org.springframework.web.filter.OncePerRequestFilter.doFilter(OncePerRequestFilter.java:119)
	at org.apache.catalina.core.ApplicationFilterChain.internalDoFilter(ApplicationFilterChain.java:193)
	at org.apache.catalina.core.ApplicationFilterChain.doFilter(ApplicationFilterChain.java:166)
	at org.apache.catalina.core.StandardWrapperValve.invoke(StandardWrapperValve.java:202)
	at org.apache.catalina.core.StandardContextValve.invoke(StandardContextValve.java:96)
	at org.apache.catalina.authenticator.AuthenticatorBase.invoke(AuthenticatorBase.java:541)
	at org.apache.catalina.core.StandardHostValve.invoke(StandardHostValve.java:139)
	at org.apache.catalina.valves.ErrorReportValve.invoke(ErrorReportValve.java:92)
	at org.apache.catalina.core.StandardEngineValve.invoke(StandardEngineValve.java:74)
	at org.apache.catalina.connector.CoyoteAdapter.service(CoyoteAdapter.java:343)
	at org.apache.coyote.http11.Http11Processor.service(Http11Processor.java:367)
	at org.apache.coyote.AbstractProcessorLight.process(AbstractProcessorLight.java:65)
	at org.apache.coyote.AbstractProtocol$ConnectionHandler.process(AbstractProtocol.java:868)
	at org.apache.tomcat.util.net.NioEndpoint$SocketProcessor.doRun(NioEndpoint.java:1639)
	at org.apache.tomcat.util.net.SocketProcessorBase.run(SocketProcessorBase.java:49)
	at java.util.concurrent.ThreadPoolExecutor.runWorker(Unknown Source)
	at java.util.concurrent.ThreadPoolExecutor$Worker.run(Unknown Source)
	at org.apache.tomcat.util.threads.TaskThread$WrappingRunnable.run(TaskThread.java:61)
	at java.lang.Thread.run(Unknown Source)
2020-03-09 23:02:58,103 [18548] [http-nio-8099-exec-2] BaseController.java [58] : com.book.common.LogicException: 用户名/密码不能为空!
com.book.common.LogicException: 用户名/密码不能为空!
	at com.book.api.controller.UserController.login(UserController.java:26)
	at sun.reflect.NativeMethodAccessorImpl.invoke0(Native Method)
	at sun.reflect.NativeMethodAccessorImpl.invoke(Unknown Source)
	at sun.reflect.DelegatingMethodAccessorImpl.invoke(Unknown Source)
	at java.lang.reflect.Method.invoke(Unknown Source)
	at org.springframework.web.method.support.InvocableHandlerMethod.doInvoke(InvocableHandlerMethod.java:190)
	at org.springframework.web.method.support.InvocableHandlerMethod.invokeForRequest(InvocableHandlerMethod.java:138)
	at org.springframework.web.servlet.mvc.method.annotation.ServletInvocableHandlerMethod.invokeAndHandle(ServletInvocableHandlerMethod.java:106)
	at org.springframework.web.servlet.mvc.method.annotation.RequestMappingHandlerAdapter.invokeHandlerMethod(RequestMappingHandlerAdapter.java:879)
	at org.springframework.web.servlet.mvc.method.annotation.RequestMappingHandlerAdapter.handleInternal(RequestMappingHandlerAdapter.java:793)
	at org.springframework.web.servlet.mvc.method.AbstractHandlerMethodAdapter.handle(AbstractHandlerMethodAdapter.java:87)
	at org.springframework.web.servlet.DispatcherServlet.doDispatch(DispatcherServlet.java:1040)
	at org.springframework.web.servlet.DispatcherServlet.doService(DispatcherServlet.java:943)
	at org.springframework.web.servlet.FrameworkServlet.processRequest(FrameworkServlet.java:1006)
	at org.springframework.web.servlet.FrameworkServlet.doGet(FrameworkServlet.java:898)
	at javax.servlet.http.HttpServlet.service(HttpServlet.java:634)
	at org.springframework.web.servlet.FrameworkServlet.service(FrameworkServlet.java:883)
	at javax.servlet.http.HttpServlet.service(HttpServlet.java:741)
	at org.apache.catalina.core.ApplicationFilterChain.internalDoFilter(ApplicationFilterChain.java:231)
	at org.apache.catalina.core.ApplicationFilterChain.doFilter(ApplicationFilterChain.java:166)
	at org.apache.tomcat.websocket.server.WsFilter.doFilter(WsFilter.java:53)
	at org.apache.catalina.core.ApplicationFilterChain.internalDoFilter(ApplicationFilterChain.java:193)
	at org.apache.catalina.core.ApplicationFilterChain.doFilter(ApplicationFilterChain.java:166)
	at org.springframework.web.filter.RequestContextFilter.doFilterInternal(RequestContextFilter.java:100)
	at org.springframework.web.filter.OncePerRequestFilter.doFilter(OncePerRequestFilter.java:119)
	at org.apache.catalina.core.ApplicationFilterChain.internalDoFilter(ApplicationFilterChain.java:193)
	at org.apache.catalina.core.ApplicationFilterChain.doFilter(ApplicationFilterChain.java:166)
	at org.springframework.web.filter.FormContentFilter.doFilterInternal(FormContentFilter.java:93)
	at org.springframework.web.filter.OncePerRequestFilter.doFilter(OncePerRequestFilter.java:119)
	at org.apache.catalina.core.ApplicationFilterChain.internalDoFilter(ApplicationFilterChain.java:193)
	at org.apache.catalina.core.ApplicationFilterChain.doFilter(ApplicationFilterChain.java:166)
	at org.springframework.web.filter.CharacterEncodingFilter.doFilterInternal(CharacterEncodingFilter.java:201)
	at org.springframework.web.filter.OncePerRequestFilter.doFilter(OncePerRequestFilter.java:119)
	at org.apache.catalina.core.ApplicationFilterChain.internalDoFilter(ApplicationFilterChain.java:193)
	at org.apache.catalina.core.ApplicationFilterChain.doFilter(ApplicationFilterChain.java:166)
	at org.apache.catalina.core.StandardWrapperValve.invoke(StandardWrapperValve.java:202)
	at org.apache.catalina.core.StandardContextValve.invoke(StandardContextValve.java:96)
	at org.apache.catalina.authenticator.AuthenticatorBase.invoke(AuthenticatorBase.java:541)
	at org.apache.catalina.core.StandardHostValve.invoke(StandardHostValve.java:139)
	at org.apache.catalina.valves.ErrorReportValve.invoke(ErrorReportValve.java:92)
	at org.apache.catalina.core.StandardEngineValve.invoke(StandardEngineValve.java:74)
	at org.apache.catalina.connector.CoyoteAdapter.service(CoyoteAdapter.java:343)
	at org.apache.coyote.http11.Http11Processor.service(Http11Processor.java:367)
	at org.apache.coyote.AbstractProcessorLight.process(AbstractProcessorLight.java:65)
	at org.apache.coyote.AbstractProtocol$ConnectionHandler.process(AbstractProtocol.java:868)
	at org.apache.tomcat.util.net.NioEndpoint$SocketProcessor.doRun(NioEndpoint.java:1639)
	at org.apache.tomcat.util.net.SocketProcessorBase.run(SocketProcessorBase.java:49)
	at java.util.concurrent.ThreadPoolExecutor.runWorker(Unknown Source)
	at java.util.concurrent.ThreadPoolExecutor$Worker.run(Unknown Source)
	at org.apache.tomcat.util.threads.TaskThread$WrappingRunnable.run(TaskThread.java:61)
	at java.lang.Thread.run(Unknown Source)
