2020-03-14 16:07:12,908 [15320] [restartedMain] StartupInfoLogger.java [55] : Starting BookApplication on USER-20180917KA with PID 15320 (D:\coding\work_space\part-time\book\target\classes started by Administrator in D:\coding\work_space\part-time\book)
2020-03-14 16:07:12,914 [15320] [restartedMain] SpringApplication.java [651] : No active profile set, falling back to default profiles: default
2020-03-14 16:07:13,075 [15320] [restartedMain] DeferredLog.java [225] : Devtools property defaults active! Set 'spring.devtools.add-properties' to 'false' to disable
2020-03-14 16:07:13,075 [15320] [restartedMain] DeferredLog.java [225] : For additional web related logging consider setting the 'logging.level.web' property to 'DEBUG'
2020-03-14 16:07:15,073 [15320] [restartedMain] TomcatWebServer.java [92] : Tomcat initialized with port(s): 8080 (http)
2020-03-14 16:07:15,091 [15320] [restartedMain] DirectJDKLog.java [173] : Initializing ProtocolHandler ["http-nio-8080"]
2020-03-14 16:07:15,091 [15320] [restartedMain] DirectJDKLog.java [173] : Starting service [Tomcat]
2020-03-14 16:07:15,091 [15320] [restartedMain] DirectJDKLog.java [173] : Starting Servlet engine: [Apache Tomcat/9.0.31]
2020-03-14 16:07:15,181 [15320] [restartedMain] DirectJDKLog.java [173] : Initializing Spring embedded WebApplicationContext
2020-03-14 16:07:15,181 [15320] [restartedMain] ServletWebServerApplicationContext.java [284] : Root WebApplicationContext: initialization completed in 2106 ms
2020-03-14 16:07:16,426 [15320] [restartedMain] ExecutorConfigurationSupport.java [181] : Initializing ExecutorService 'applicationTaskExecutor'
2020-03-14 16:07:16,628 [15320] [restartedMain] ExecutorConfigurationSupport.java [181] : Initializing ExecutorService 'taskScheduler'
2020-03-14 16:07:16,689 [15320] [restartedMain] OptionalLiveReloadServer.java [58] : LiveReload server is running on port 35729
2020-03-14 16:07:16,722 [15320] [restartedMain] DirectJDKLog.java [173] : Starting ProtocolHandler ["http-nio-8080"]
2020-03-14 16:07:16,774 [15320] [restartedMain] TomcatWebServer.java [204] : Tomcat started on port(s): 8080 (http) with context path ''
2020-03-14 16:07:16,780 [15320] [restartedMain] StartupInfoLogger.java [61] : Started BookApplication in 4.569 seconds (JVM running for 5.434)
2020-03-14 16:07:26,402 [15320] [http-nio-8080-exec-1] DirectJDKLog.java [173] : Initializing Spring DispatcherServlet 'dispatcherServlet'
2020-03-14 16:07:26,402 [15320] [http-nio-8080-exec-1] FrameworkServlet.java [525] : Initializing Servlet 'dispatcherServlet'
2020-03-14 16:07:26,419 [15320] [http-nio-8080-exec-1] FrameworkServlet.java [547] : Completed initialization in 17 ms
2020-03-14 16:07:26,469 [15320] [http-nio-8080-exec-1] BaseController.java [64] : com.book.common.LogicException: 用户名/密码不能为空!
com.book.common.LogicException: 用户名/密码不能为空!
	at com.book.api.controller.UserInfoController.login(UserInfoController.java:63)
	at sun.reflect.NativeMethodAccessorImpl.invoke0(Native Method)
	at sun.reflect.NativeMethodAccessorImpl.invoke(Unknown Source)
	at sun.reflect.DelegatingMethodAccessorImpl.invoke(Unknown Source)
	at java.lang.reflect.Method.invoke(Unknown Source)
	at org.springframework.web.method.support.InvocableHandlerMethod.doInvoke(InvocableHandlerMethod.java:190)
	at org.springframework.web.method.support.InvocableHandlerMethod.invokeForRequest(InvocableHandlerMethod.java:138)
	at org.springframework.web.servlet.mvc.method.annotation.ServletInvocableHandlerMethod.invokeAndHandle(ServletInvocableHandlerMethod.java:106)
	at org.springframework.web.servlet.mvc.method.annotation.RequestMappingHandlerAdapter.invokeHandlerMethod(RequestMappingHandlerAdapter.java:879)
	at org.springframework.web.servlet.mvc.method.annotation.RequestMappingHandlerAdapter.handleInternal(RequestMappingHandlerAdapter.java:793)
	at org.springframework.web.servlet.mvc.method.AbstractHandlerMethodAdapter.handle(AbstractHandlerMethodAdapter.java:87)
	at org.springframework.web.servlet.DispatcherServlet.doDispatch(DispatcherServlet.java:1040)
	at org.springframework.web.servlet.DispatcherServlet.doService(DispatcherServlet.java:943)
	at org.springframework.web.servlet.FrameworkServlet.processRequest(FrameworkServlet.java:1006)
	at org.springframework.web.servlet.FrameworkServlet.doGet(FrameworkServlet.java:898)
	at javax.servlet.http.HttpServlet.service(HttpServlet.java:634)
	at org.springframework.web.servlet.FrameworkServlet.service(FrameworkServlet.java:883)
	at javax.servlet.http.HttpServlet.service(HttpServlet.java:741)
	at org.apache.catalina.core.ApplicationFilterChain.internalDoFilter(ApplicationFilterChain.java:231)
	at org.apache.catalina.core.ApplicationFilterChain.doFilter(ApplicationFilterChain.java:166)
	at org.apache.tomcat.websocket.server.WsFilter.doFilter(WsFilter.java:53)
	at org.apache.catalina.core.ApplicationFilterChain.internalDoFilter(ApplicationFilterChain.java:193)
	at org.apache.catalina.core.ApplicationFilterChain.doFilter(ApplicationFilterChain.java:166)
	at org.springframework.web.filter.RequestContextFilter.doFilterInternal(RequestContextFilter.java:100)
	at org.springframework.web.filter.OncePerRequestFilter.doFilter(OncePerRequestFilter.java:119)
	at org.apache.catalina.core.ApplicationFilterChain.internalDoFilter(ApplicationFilterChain.java:193)
	at org.apache.catalina.core.ApplicationFilterChain.doFilter(ApplicationFilterChain.java:166)
	at org.springframework.web.filter.FormContentFilter.doFilterInternal(FormContentFilter.java:93)
	at org.springframework.web.filter.OncePerRequestFilter.doFilter(OncePerRequestFilter.java:119)
	at org.apache.catalina.core.ApplicationFilterChain.internalDoFilter(ApplicationFilterChain.java:193)
	at org.apache.catalina.core.ApplicationFilterChain.doFilter(ApplicationFilterChain.java:166)
	at org.springframework.web.filter.CharacterEncodingFilter.doFilterInternal(CharacterEncodingFilter.java:201)
	at org.springframework.web.filter.OncePerRequestFilter.doFilter(OncePerRequestFilter.java:119)
	at org.apache.catalina.core.ApplicationFilterChain.internalDoFilter(ApplicationFilterChain.java:193)
	at org.apache.catalina.core.ApplicationFilterChain.doFilter(ApplicationFilterChain.java:166)
	at org.apache.catalina.core.StandardWrapperValve.invoke(StandardWrapperValve.java:202)
	at org.apache.catalina.core.StandardContextValve.invoke(StandardContextValve.java:96)
	at org.apache.catalina.authenticator.AuthenticatorBase.invoke(AuthenticatorBase.java:541)
	at org.apache.catalina.core.StandardHostValve.invoke(StandardHostValve.java:139)
	at org.apache.catalina.valves.ErrorReportValve.invoke(ErrorReportValve.java:92)
	at org.apache.catalina.core.StandardEngineValve.invoke(StandardEngineValve.java:74)
	at org.apache.catalina.connector.CoyoteAdapter.service(CoyoteAdapter.java:343)
	at org.apache.coyote.http11.Http11Processor.service(Http11Processor.java:367)
	at org.apache.coyote.AbstractProcessorLight.process(AbstractProcessorLight.java:65)
	at org.apache.coyote.AbstractProtocol$ConnectionHandler.process(AbstractProtocol.java:868)
	at org.apache.tomcat.util.net.NioEndpoint$SocketProcessor.doRun(NioEndpoint.java:1639)
	at org.apache.tomcat.util.net.SocketProcessorBase.run(SocketProcessorBase.java:49)
	at java.util.concurrent.ThreadPoolExecutor.runWorker(Unknown Source)
	at java.util.concurrent.ThreadPoolExecutor$Worker.run(Unknown Source)
	at org.apache.tomcat.util.threads.TaskThread$WrappingRunnable.run(TaskThread.java:61)
	at java.lang.Thread.run(Unknown Source)
2020-03-14 16:08:00,026 [15320] [scheduling-1] HikariDataSource.java [110] : HikariPool-1 - Starting...
2020-03-14 16:08:00,592 [15320] [scheduling-1] HikariDataSource.java [123] : HikariPool-1 - Start completed.
2020-03-14 18:50:41,607 [15320] [Thread-6] ExecutorConfigurationSupport.java [218] : Shutting down ExecutorService 'taskScheduler'
2020-03-14 18:50:41,608 [15320] [Thread-6] ExecutorConfigurationSupport.java [218] : Shutting down ExecutorService 'applicationTaskExecutor'
2020-03-14 18:50:41,609 [15320] [Thread-6] HikariDataSource.java [350] : HikariPool-1 - Shutdown initiated...
2020-03-14 18:50:41,614 [15320] [Thread-6] HikariDataSource.java [352] : HikariPool-1 - Shutdown completed.
2020-03-14 18:50:41,857 [15320] [restartedMain] StartupInfoLogger.java [55] : Starting BookApplication on USER-20180917KA with PID 15320 (D:\coding\work_space\part-time\book\target\classes started by Administrator in D:\coding\work_space\part-time\book)
2020-03-14 18:50:41,857 [15320] [restartedMain] SpringApplication.java [651] : No active profile set, falling back to default profiles: default
2020-03-14 18:50:42,400 [15320] [restartedMain] TomcatWebServer.java [92] : Tomcat initialized with port(s): 8081 (http)
2020-03-14 18:50:42,400 [15320] [restartedMain] DirectJDKLog.java [173] : Initializing ProtocolHandler ["http-nio-8081"]
2020-03-14 18:50:42,400 [15320] [restartedMain] DirectJDKLog.java [173] : Starting service [Tomcat]
2020-03-14 18:50:42,401 [15320] [restartedMain] DirectJDKLog.java [173] : Starting Servlet engine: [Apache Tomcat/9.0.31]
2020-03-14 18:50:42,422 [15320] [restartedMain] DirectJDKLog.java [173] : Initializing Spring embedded WebApplicationContext
2020-03-14 18:50:42,423 [15320] [restartedMain] ServletWebServerApplicationContext.java [284] : Root WebApplicationContext: initialization completed in 557 ms
2020-03-14 18:50:44,928 [14696] [restartedMain] StartupInfoLogger.java [55] : Starting BookApplication on USER-20180917KA with PID 14696 (D:\coding\work_space\part-time\book\target\classes started by Administrator in D:\coding\work_space\part-time\book)
2020-03-14 18:50:44,946 [14696] [restartedMain] SpringApplication.java [651] : No active profile set, falling back to default profiles: default
2020-03-14 18:50:45,155 [14696] [restartedMain] DeferredLog.java [225] : Devtools property defaults active! Set 'spring.devtools.add-properties' to 'false' to disable
2020-03-14 18:50:45,155 [14696] [restartedMain] DeferredLog.java [225] : For additional web related logging consider setting the 'logging.level.web' property to 'DEBUG'
2020-03-14 18:50:47,445 [14696] [restartedMain] TomcatWebServer.java [92] : Tomcat initialized with port(s): 8081 (http)
2020-03-14 18:50:47,458 [14696] [restartedMain] DirectJDKLog.java [173] : Initializing ProtocolHandler ["http-nio-8081"]
2020-03-14 18:50:47,459 [14696] [restartedMain] DirectJDKLog.java [173] : Starting service [Tomcat]
2020-03-14 18:50:47,459 [14696] [restartedMain] DirectJDKLog.java [173] : Starting Servlet engine: [Apache Tomcat/9.0.31]
2020-03-14 18:50:47,541 [14696] [restartedMain] DirectJDKLog.java [173] : Initializing Spring embedded WebApplicationContext
2020-03-14 18:50:47,543 [14696] [restartedMain] ServletWebServerApplicationContext.java [284] : Root WebApplicationContext: initialization completed in 2387 ms
2020-03-14 18:50:51,502 [5160] [restartedMain] StartupInfoLogger.java [55] : Starting BookApplication on USER-20180917KA with PID 5160 (D:\coding\work_space\part-time\book\target\classes started by Administrator in D:\coding\work_space\part-time\book)
2020-03-14 18:50:51,506 [5160] [restartedMain] SpringApplication.java [651] : No active profile set, falling back to default profiles: default
2020-03-14 18:50:51,603 [5160] [restartedMain] DeferredLog.java [225] : Devtools property defaults active! Set 'spring.devtools.add-properties' to 'false' to disable
2020-03-14 18:50:51,603 [5160] [restartedMain] DeferredLog.java [225] : For additional web related logging consider setting the 'logging.level.web' property to 'DEBUG'
2020-03-14 18:50:52,954 [5160] [restartedMain] TomcatWebServer.java [92] : Tomcat initialized with port(s): 8081 (http)
2020-03-14 18:50:52,966 [5160] [restartedMain] DirectJDKLog.java [173] : Initializing ProtocolHandler ["http-nio-8081"]
2020-03-14 18:50:52,966 [5160] [restartedMain] DirectJDKLog.java [173] : Starting service [Tomcat]
2020-03-14 18:50:52,966 [5160] [restartedMain] DirectJDKLog.java [173] : Starting Servlet engine: [Apache Tomcat/9.0.31]
2020-03-14 18:50:53,046 [5160] [restartedMain] DirectJDKLog.java [173] : Initializing Spring embedded WebApplicationContext
2020-03-14 18:50:53,046 [5160] [restartedMain] ServletWebServerApplicationContext.java [284] : Root WebApplicationContext: initialization completed in 1442 ms
2020-03-14 18:50:53,899 [5160] [restartedMain] ExecutorConfigurationSupport.java [181] : Initializing ExecutorService 'applicationTaskExecutor'
2020-03-14 18:50:54,063 [5160] [restartedMain] ExecutorConfigurationSupport.java [181] : Initializing ExecutorService 'taskScheduler'
2020-03-14 18:50:54,106 [5160] [restartedMain] OptionalLiveReloadServer.java [58] : LiveReload server is running on port 35729
2020-03-14 18:50:54,139 [5160] [restartedMain] DirectJDKLog.java [173] : Starting ProtocolHandler ["http-nio-8081"]
2020-03-14 18:50:54,151 [5160] [restartedMain] DirectJDKLog.java [173] : Pausing ProtocolHandler ["http-nio-8081"]
2020-03-14 18:50:54,151 [5160] [restartedMain] DirectJDKLog.java [173] : Stopping service [Tomcat]
2020-03-14 18:50:54,155 [5160] [restartedMain] DirectJDKLog.java [173] : Stopping ProtocolHandler ["http-nio-8081"]
2020-03-14 18:50:54,155 [5160] [restartedMain] DirectJDKLog.java [173] : Destroying ProtocolHandler ["http-nio-8081"]
2020-03-14 18:50:54,158 [5160] [restartedMain] ConditionEvaluationReportLoggingListener.java [136] : 

Error starting ApplicationContext. To display the conditions report re-run your application with 'debug' enabled.
2020-03-14 18:50:54,161 [5160] [restartedMain] LoggingFailureAnalysisReporter.java [40] : 

***************************
APPLICATION FAILED TO START
***************************

Description:

Web server failed to start. Port 8081 was already in use.

Action:

Identify and stop the process that's listening on port 8081 or configure this application to listen on another port.

2020-03-14 18:50:54,166 [5160] [restartedMain] ExecutorConfigurationSupport.java [218] : Shutting down ExecutorService 'taskScheduler'
2020-03-14 18:50:54,170 [5160] [restartedMain] ExecutorConfigurationSupport.java [218] : Shutting down ExecutorService 'applicationTaskExecutor'
2020-03-14 18:51:09,671 [14772] [restartedMain] StartupInfoLogger.java [55] : Starting BookApplication on USER-20180917KA with PID 14772 (D:\coding\work_space\part-time\book\target\classes started by Administrator in D:\coding\work_space\part-time\book)
2020-03-14 18:51:09,679 [14772] [restartedMain] SpringApplication.java [651] : No active profile set, falling back to default profiles: default
2020-03-14 18:51:09,780 [14772] [restartedMain] DeferredLog.java [225] : Devtools property defaults active! Set 'spring.devtools.add-properties' to 'false' to disable
2020-03-14 18:51:09,780 [14772] [restartedMain] DeferredLog.java [225] : For additional web related logging consider setting the 'logging.level.web' property to 'DEBUG'
2020-03-14 18:51:11,250 [14772] [restartedMain] TomcatWebServer.java [92] : Tomcat initialized with port(s): 8099 (http)
2020-03-14 18:51:11,261 [14772] [restartedMain] DirectJDKLog.java [173] : Initializing ProtocolHandler ["http-nio-8099"]
2020-03-14 18:51:11,262 [14772] [restartedMain] DirectJDKLog.java [173] : Starting service [Tomcat]
2020-03-14 18:51:11,262 [14772] [restartedMain] DirectJDKLog.java [173] : Starting Servlet engine: [Apache Tomcat/9.0.31]
2020-03-14 18:51:11,359 [14772] [restartedMain] DirectJDKLog.java [173] : Initializing Spring embedded WebApplicationContext
2020-03-14 18:51:11,359 [14772] [restartedMain] ServletWebServerApplicationContext.java [284] : Root WebApplicationContext: initialization completed in 1579 ms
2020-03-14 18:51:12,238 [14772] [restartedMain] ExecutorConfigurationSupport.java [181] : Initializing ExecutorService 'applicationTaskExecutor'
2020-03-14 18:51:12,390 [14772] [restartedMain] ExecutorConfigurationSupport.java [181] : Initializing ExecutorService 'taskScheduler'
2020-03-14 18:51:12,433 [14772] [restartedMain] OptionalLiveReloadServer.java [58] : LiveReload server is running on port 35729
2020-03-14 18:51:12,458 [14772] [restartedMain] DirectJDKLog.java [173] : Starting ProtocolHandler ["http-nio-8099"]
2020-03-14 18:51:12,485 [14772] [restartedMain] TomcatWebServer.java [204] : Tomcat started on port(s): 8099 (http) with context path ''
2020-03-14 18:51:12,487 [14772] [restartedMain] StartupInfoLogger.java [61] : Started BookApplication in 3.502 seconds (JVM running for 4.244)
2020-03-14 18:51:19,904 [14772] [http-nio-8099-exec-1] DirectJDKLog.java [173] : Initializing Spring DispatcherServlet 'dispatcherServlet'
2020-03-14 18:51:19,904 [14772] [http-nio-8099-exec-1] FrameworkServlet.java [525] : Initializing Servlet 'dispatcherServlet'
2020-03-14 18:51:19,910 [14772] [http-nio-8099-exec-1] FrameworkServlet.java [547] : Completed initialization in 6 ms
2020-03-14 18:52:00,011 [14772] [scheduling-1] HikariDataSource.java [110] : HikariPool-1 - Starting...
2020-03-14 18:52:00,528 [14772] [scheduling-1] HikariDataSource.java [123] : HikariPool-1 - Start completed.
