2020-03-15 15:51:12,665 [8880] [restartedMain] StartupInfoLogger.java [55] : Starting BookApplication on USER-20180917KA with PID 8880 (D:\coding\work_space\part-time\book\target\classes started by Administrator in D:\coding\work_space\part-time\book)
2020-03-15 15:51:12,685 [8880] [restartedMain] SpringApplication.java [651] : No active profile set, falling back to default profiles: default
2020-03-15 15:51:13,016 [8880] [restartedMain] DeferredLog.java [225] : Devtools property defaults active! Set 'spring.devtools.add-properties' to 'false' to disable
2020-03-15 15:51:13,017 [8880] [restartedMain] DeferredLog.java [225] : For additional web related logging consider setting the 'logging.level.web' property to 'DEBUG'
2020-03-15 15:51:14,431 [8880] [restartedMain] TomcatWebServer.java [92] : Tomcat initialized with port(s): 8099 (http)
2020-03-15 15:51:14,444 [8880] [restartedMain] DirectJDKLog.java [173] : Initializing ProtocolHandler ["http-nio-8099"]
2020-03-15 15:51:14,445 [8880] [restartedMain] DirectJDKLog.java [173] : Starting service [Tomcat]
2020-03-15 15:51:14,445 [8880] [restartedMain] DirectJDKLog.java [173] : Starting Servlet engine: [Apache Tomcat/9.0.31]
2020-03-15 15:51:14,535 [8880] [restartedMain] DirectJDKLog.java [173] : Initializing Spring embedded WebApplicationContext
2020-03-15 15:51:14,537 [8880] [restartedMain] ServletWebServerApplicationContext.java [284] : Root WebApplicationContext: initialization completed in 1520 ms
2020-03-15 15:51:15,410 [8880] [restartedMain] ExecutorConfigurationSupport.java [181] : Initializing ExecutorService 'applicationTaskExecutor'
2020-03-15 15:51:15,550 [8880] [restartedMain] ExecutorConfigurationSupport.java [181] : Initializing ExecutorService 'taskScheduler'
2020-03-15 15:51:15,592 [8880] [restartedMain] OptionalLiveReloadServer.java [58] : LiveReload server is running on port 35729
2020-03-15 15:51:15,619 [8880] [restartedMain] DirectJDKLog.java [173] : Starting ProtocolHandler ["http-nio-8099"]
2020-03-15 15:51:15,657 [8880] [restartedMain] TomcatWebServer.java [204] : Tomcat started on port(s): 8099 (http) with context path ''
2020-03-15 15:51:15,660 [8880] [restartedMain] StartupInfoLogger.java [61] : Started BookApplication in 3.712 seconds (JVM running for 4.454)
2020-03-15 15:52:00,026 [8880] [scheduling-1] HikariDataSource.java [110] : HikariPool-1 - Starting...
2020-03-15 15:52:00,767 [8880] [scheduling-1] HikariDataSource.java [123] : HikariPool-1 - Start completed.
2020-03-15 16:03:04,200 [8880] [http-nio-8099-exec-1] DirectJDKLog.java [173] : Initializing Spring DispatcherServlet 'dispatcherServlet'
2020-03-15 16:03:04,201 [8880] [http-nio-8099-exec-1] FrameworkServlet.java [525] : Initializing Servlet 'dispatcherServlet'
2020-03-15 16:03:04,208 [8880] [http-nio-8099-exec-1] FrameworkServlet.java [547] : Completed initialization in 6 ms
